AppCode/SmartLED/app/build/intermediates/manifest_merge_blame_file/debug/manifest-merger-blame-debug-report.txt
1<?xml version="1.0" encoding="utf-8"?>
2<manifest xmlns:android="http://schemas.android.com/apk/res/android"
3    package="com.example.smartled"
4    android:versionCode="1"
5    android:versionName="1.0" >
6
7    <uses-sdk
8        android:minSdkVersion="18"
8-->src\main\AndroidManifest.xml
9        android:targetSdkVersion="29" />
9-->src\main\AndroidManifest.xml
10
11    <uses-permission android:name="android.permission.BLUETOOTH" />
11-->src\main\AndroidManifest.xml:5:5-67
11-->src\main\AndroidManifest.xml:5:22-65
12    <uses-permission android:name="android.permission.BLUETOOTH_ADMIN" />
12-->src\main\AndroidManifest.xml:6:5-73
12-->src\main\AndroidManifest.xml:6:22-71
13    <uses-permission android:name="android.permission.ACCESS_FINE_LOCATION" />
13-->src\main\AndroidManifest.xml:7:5-79
13-->src\main\AndroidManifest.xml:7:22-76
14
15    <protected-broadcast />
15-->src\main\AndroidManifest.xml:9:5-28
16
17    <application
17-->src\main\AndroidManifest.xml:10:5-31:19
18        android:allowBackup="true"
18-->src\main\AndroidManifest.xml:11:9-35
19        android:appComponentFactory="androidx.core.app.CoreComponentFactory"
19-->[androidx.core:core:1.0.1] AndroidManifest.xml:22:18-86
20        android:debuggable="true"
21        android:icon="@mipmap/ic_launcher"
21-->src\main\AndroidManifest.xml:12:9-43
22        android:label="@string/app_name"
22-->src\main\AndroidManifest.xml:13:9-41
23        android:roundIcon="@mipmap/ic_launcher_round"
23-->src\main\AndroidManifest.xml:14:9-54
24        android:supportsRtl="true"
24-->src\main\AndroidManifest.xml:15:9-35
25        android:testOnly="true"
26        android:theme="@style/AppTheme" >
26-->src\main\AndroidManifest.xml:16:9-40
27        <activity android:name="com.example.smartled.ui.schedule.ScheduleEditorActivity" />
27-->src\main\AndroidManifest.xml:17:9-81
27-->src\main\AndroidManifest.xml:17:19-69
28        <activity android:name="com.example.smartled.ui.scan.DeviceScanActivity" />
28-->src\main\AndroidManifest.xml:18:9-73
28-->src\main\AndroidManifest.xml:18:19-61
29        <activity android:name="com.example.smartled.ui.scan.DeviceControlActivity" />
29-->src\main\AndroidManifest.xml:19:9-76
29-->src\main\AndroidManifest.xml:19:19-64
30        <activity
30-->src\main\AndroidManifest.xml:20:9-29:20
31            android:name="com.example.smartled.MainActivity"
31-->src\main\AndroidManifest.xml:21:13-41
32            android:label="@string/app_name"
32-->src\main\AndroidManifest.xml:22:13-45
33            android:theme="@style/AppTheme.NoActionBar" >
33-->src\main\AndroidManifest.xml:23:13-56
34            <intent-filter>
34-->src\main\AndroidManifest.xml:24:13-28:29
35                <action android:name="android.intent.action.MAIN" />
35-->src\main\AndroidManifest.xml:25:17-69
35-->src\main\AndroidManifest.xml:25:25-66
36
37                <category android:name="android.intent.category.LAUNCHER" />
37-->src\main\AndroidManifest.xml:27:17-77
37-->src\main\AndroidManifest.xml:27:27-74
38            </intent-filter>
39        </activity>
40
41        <service
41-->src\main\AndroidManifest.xml:30:9-77
42            android:name="com.example.smartled.BluetoothLeService"
42-->src\main\AndroidManifest.xml:30:18-52
43            android:enabled="true" />
43-->src\main\AndroidManifest.xml:30:53-75
44
45        <provider
45-->[androidx.lifecycle:lifecycle-process:2.0.0] AndroidManifest.xml:23:9-27:43
46            android:name="androidx.lifecycle.ProcessLifecycleOwnerInitializer"
46-->[androidx.lifecycle:lifecycle-process:2.0.0] AndroidManifest.xml:24:13-79
47            android:authorities="com.example.smartled.lifecycle-process"
47-->[androidx.lifecycle:lifecycle-process:2.0.0] AndroidManifest.xml:25:13-69
48            android:exported="false"
48-->[androidx.lifecycle:lifecycle-process:2.0.0] AndroidManifest.xml:26:13-37
49            android:multiprocess="true" />
49-->[androidx.lifecycle:lifecycle-process:2.0.0] AndroidManifest.xml:27:13-40
50    </application>
51
52</manifest>